<?xml version="1.0" encoding="UTF-8"?>
<!-- Generated by org.testng.reporters.JUnitReportReporter -->
<testsuite hostname="LAPTOP-ESC3I12H" failures="0" tests="1" name="p4.q4" time="0.114" errors="0" timestamp="2024-03-10T22:16:13 EDT" skipped="0">
  <testcase classname="p4.q4" name="testValid" time="0.114"/>
  <system-out/>
</testsuite> <!-- p4.q4 -->
