<?xml version="1.0" encoding="UTF-8"?>
<!-- Generated by org.testng.reporters.JUnitReportReporter -->
<testsuite hostname="Andy-PC" failures="0" tests="1" name="p7.q7" time="34.287" errors="0" timestamp="2024-03-10T00:41:14 EST" skipped="0">
  <testcase classname="p7.q7" name="setup" time="34.287"/>
  <system-out/>
</testsuite> <!-- p7.q7 -->
