<?xml version="1.0" encoding="UTF-8"?>
<!-- Generated by org.testng.reporters.JUnitReportReporter -->
<testsuite hostname="LAPTOP-ESC3I12H" failures="0" tests="3" name="p6.q6" time="49.231" errors="0" timestamp="2024-03-10T22:18:08 EDT" skipped="0">
  <testcase classname="p6.q6" name="executeSessionThree" time="14.625"/>
  <system-out/>
  <testcase classname="p6.q6" name="executeSessionOne" time="15.937"/>
  <system-out/>
  <testcase classname="p6.q6" name="executeSessionTwo" time="18.669"/>
  <system-out/>
</testsuite> <!-- p6.q6 -->
