<?xml version="1.0" encoding="UTF-8"?>
<!-- Generated by org.testng.reporters.JUnitReportReporter -->
<testsuite hostname="LAPTOP-ESC3I12H" failures="0" tests="5" name="p5.q5" time="10.436" errors="0" timestamp="2024-03-11T08:15:08 EDT" skipped="0">
  <testcase classname="p5.q5" name="openBrowser" time="2.270"/>
  <system-out/>
  <testcase classname="p5.q5" name="launchGoogle" time="1.478"/>
  <system-out/>
  <testcase classname="p5.q5" name="performSearchAndClick1stLink" time="5.312"/>
  <system-out/>
  <testcase classname="p5.q5" name="FacebookPageTitleVerification" time="1.047"/>
  <system-out/>
  <testcase classname="p5.q5" name="driverExit" time="0.329"/>
  <system-out/>
</testsuite> <!-- p5.q5 -->
