<?xml version="1.0" encoding="UTF-8"?>
<!-- Generated by org.testng.reporters.JUnitReportReporter -->
<testsuite hostname="LAPTOP-ESC3I12H" failures="0" tests="1" name="p5.q5p2" time="1.079" errors="0" timestamp="2024-03-11T08:16:21 EDT" skipped="0">
  <testcase classname="p5.q5p2" name="FacebookPageTitleVerification" time="1.079"/>
  <system-out/>
</testsuite> <!-- p5.q5p2 -->
