<?xml version="1.0" encoding="UTF-8"?>
<!-- Generated by org.testng.reporters.JUnitReportReporter -->
<testsuite hostname="LAPTOP-ESC3I12H" failures="0" tests="5" name="p5.q5" time="7.092" errors="0" timestamp="2024-03-10T22:16:29 EDT" skipped="0">
  <testcase classname="p5.q5" name="openBrowser" time="1.319"/>
  <system-out/>
  <testcase classname="p5.q5" name="launchGoogle" time="0.969"/>
  <system-out/>
  <testcase classname="p5.q5" name="performSearchAndClick1stLink" time="3.662"/>
  <system-out/>
  <testcase classname="p5.q5" name="FacebookPageTitleVerification" time="1.021"/>
  <system-out/>
  <testcase classname="p5.q5" name="driverExit" time="0.121"/>
  <system-out/>
</testsuite> <!-- p5.q5 -->
